<?xml version="1.0" encoding="UTF-8"?>
<testng-results skipped="0" failed="0" ignored="0" total="2" passed="2">
  <reporter-output>
  </reporter-output>
  <suite name="Default suite" duration-ms="23592" started-at="2022-08-23T13:33:53 IST" finished-at="2022-08-23T13:34:17 IST">
    <groups>
    </groups>
    <test name="Default test" duration-ms="23592" started-at="2022-08-23T13:33:53 IST" finished-at="2022-08-23T13:34:17 IST">
      <class name="selenium.DataproviderTest">
        <test-method status="PASS" signature="beforeTest()[pri:0, instance:selenium.DataproviderTest@c81cdd1]" name="beforeTest" is-config="true" duration-ms="6243" started-at="2022-08-23T13:33:53 IST" finished-at="2022-08-23T13:33:59 IST">
          <reporter-output>
          </reporter-output>
        </test-method> <!-- beforeTest -->
        <test-method status="PASS" signature="f(java.lang.String,java.lang.String)[pri:0, instance:selenium.DataproviderTest@c81cdd1]" name="f" duration-ms="12871" started-at="2022-08-23T13:34:00 IST" data-provider="getData" finished-at="2022-08-23T13:34:13 IST">
          <params>
            <param index="0">
              <value>
                <![CDATA[https://login.yahoo.com/]]>
              </value>
            </param>
            <param index="1">
              <value>
                <![CDATA[abc@yahoo.com]]>
              </value>
            </param>
          </params>
          <reporter-output>
          </reporter-output>
        </test-method> <!-- f -->
        <test-method status="PASS" signature="f(java.lang.String,java.lang.String)[pri:0, instance:selenium.DataproviderTest@c81cdd1]" name="f" duration-ms="3015" started-at="2022-08-23T13:34:13 IST" data-provider="getData" finished-at="2022-08-23T13:34:16 IST">
          <params>
            <param index="0">
              <value>
                <![CDATA[https://login.yahoo.com/]]>
              </value>
            </param>
            <param index="1">
              <value>
                <![CDATA[xyz@yahoo.com]]>
              </value>
            </param>
          </params>
          <reporter-output>
          </reporter-output>
        </test-method> <!-- f -->
        <test-method status="PASS" signature="AfterTest()[pri:0, instance:selenium.DataproviderTest@c81cdd1]" name="AfterTest" is-config="true" duration-ms="829" started-at="2022-08-23T13:34:16 IST" finished-at="2022-08-23T13:34:17 IST">
          <reporter-output>
          </reporter-output>
        </test-method> <!-- AfterTest -->
      </class> <!-- selenium.DataproviderTest -->
    </test> <!-- Default test -->
  </suite> <!-- Default suite -->
</testng-results>
